2023-01-05  9:59:56 0 [Note] InnoDB: Mutexes and rw_locks use Windows interlocked functions
2023-01-05  9:59:56 0 [Note] InnoDB: Uses event mutexes
2023-01-05  9:59:56 0 [Note] InnoDB: Compressed tables use zlib 1.2.12
2023-01-05  9:59:56 0 [Note] InnoDB: Number of pools: 1
2023-01-05  9:59:56 0 [Note] InnoDB: Using SSE2 crc32 instructions
2023-01-05  9:59:56 0 [Note] InnoDB: Initializing buffer pool, total size = 16M, instances = 1, chunk size = 16M
2023-01-05  9:59:56 0 [Note] InnoDB: Completed initialization of buffer pool
2023-01-05  9:59:56 0 [Note] InnoDB: Starting crash recovery from checkpoint LSN=300288
2023-01-05  9:59:56 0 [Note] InnoDB: 128 out of 128 rollback segments are active.
2023-01-05  9:59:56 0 [Note] InnoDB: Removed temporary tablespace data file: "ibtmp1"
2023-01-05  9:59:56 0 [Note] InnoDB: Creating shared tablespace for temporary tables
2023-01-05  9:59:56 0 [Note] InnoDB: Setting file 'C:\xampp\mysql\data\ibtmp1' size to 12 MB. Physically writing the file full; Please wait ...
2023-01-05  9:59:56 0 [Note] InnoDB: File 'C:\xampp\mysql\data\ibtmp1' size is now 12 MB.
2023-01-05  9:59:56 0 [Note] InnoDB: Waiting for purge to start
2023-01-05  9:59:56 0 [Note] InnoDB: 10.4.27 started; log sequence number 300297; transaction id 170
2023-01-05  9:59:56 0 [Note] InnoDB: Loading buffer pool(s) from C:\xampp\mysql\data\ib_buffer_pool
2023-01-05  9:59:56 0 [Note] InnoDB: Buffer pool(s) load completed at 230105  9:59:56
2023-01-05  9:59:56 0 [Note] Plugin 'FEEDBACK' is disabled.
2023-01-05  9:59:56 0 [Note] Server socket created on IP: '::'.
2023-01-06  8:57:58 0 [Note] InnoDB: Mutexes and rw_locks use Windows interlocked functions
2023-01-06  8:57:58 0 [Note] InnoDB: Uses event mutexes
2023-01-06  8:57:58 0 [Note] InnoDB: Compressed tables use zlib 1.2.12
2023-01-06  8:57:58 0 [Note] InnoDB: Number of pools: 1
2023-01-06  8:57:58 0 [Note] InnoDB: Using SSE2 crc32 instructions
2023-01-06  8:57:58 0 [Note] InnoDB: Initializing buffer pool, total size = 16M, instances = 1, chunk size = 16M
2023-01-06  8:57:58 0 [Note] InnoDB: Completed initialization of buffer pool
2023-01-06  8:57:58 0 [Note] InnoDB: Starting crash recovery from checkpoint LSN=307270
2023-01-06  8:57:59 0 [Note] InnoDB: 128 out of 128 rollback segments are active.
2023-01-06  8:57:59 0 [Note] InnoDB: Removed temporary tablespace data file: "ibtmp1"
2023-01-06  8:57:59 0 [Note] InnoDB: Creating shared tablespace for temporary tables
2023-01-06  8:57:59 0 [Note] InnoDB: Setting file 'C:\xampp\mysql\data\ibtmp1' size to 12 MB. Physically writing the file full; Please wait ...
2023-01-06  8:57:59 0 [Note] InnoDB: File 'C:\xampp\mysql\data\ibtmp1' size is now 12 MB.
2023-01-06  8:57:59 0 [Note] InnoDB: Waiting for purge to start
2023-01-06  8:57:59 0 [Note] InnoDB: 10.4.27 started; log sequence number 307279; transaction id 202
2023-01-06  8:57:59 0 [Note] InnoDB: Loading buffer pool(s) from C:\xampp\mysql\data\ib_buffer_pool
2023-01-06  8:57:59 0 [Note] Plugin 'FEEDBACK' is disabled.
2023-01-06  8:57:59 0 [Note] InnoDB: Buffer pool(s) load completed at 230106  8:57:59
2023-01-06  8:57:59 0 [Note] Server socket created on IP: '::'.
2023-01-07  2:25:13 0 [Note] InnoDB: Mutexes and rw_locks use Windows interlocked functions
2023-01-07  2:25:13 0 [Note] InnoDB: Uses event mutexes
2023-01-07  2:25:13 0 [Note] InnoDB: Compressed tables use zlib 1.2.12
2023-01-07  2:25:14 0 [Note] InnoDB: Number of pools: 1
2023-01-07  2:25:14 0 [Note] InnoDB: Using SSE2 crc32 instructions
2023-01-07  2:25:14 0 [Note] InnoDB: Initializing buffer pool, total size = 16M, instances = 1, chunk size = 16M
2023-01-07  2:25:14 0 [Note] InnoDB: Completed initialization of buffer pool
2023-01-07  2:25:14 0 [Note] InnoDB: Starting crash recovery from checkpoint LSN=315318
2023-01-07  2:25:14 0 [Note] InnoDB: 128 out of 128 rollback segments are active.
2023-01-07  2:25:14 0 [Note] InnoDB: Removed temporary tablespace data file: "ibtmp1"
2023-01-07  2:25:14 0 [Note] InnoDB: Creating shared tablespace for temporary tables
2023-01-07  2:25:14 0 [Note] InnoDB: Setting file 'C:\xampp\mysql\data\ibtmp1' size to 12 MB. Physically writing the file full; Please wait ...
2023-01-07  2:25:14 0 [Note] InnoDB: File 'C:\xampp\mysql\data\ibtmp1' size is now 12 MB.
2023-01-07  2:25:14 0 [Note] InnoDB: Waiting for purge to start
2023-01-07  2:25:14 0 [Note] InnoDB: 10.4.27 started; log sequence number 315327; transaction id 254
2023-01-07  2:25:14 0 [Note] InnoDB: Loading buffer pool(s) from C:\xampp\mysql\data\ib_buffer_pool
2023-01-07  2:25:14 0 [Note] Plugin 'FEEDBACK' is disabled.
2023-01-07  2:25:14 0 [Note] Server socket created on IP: '::'.
2023-01-07  2:25:14 0 [Note] InnoDB: Buffer pool(s) load completed at 230107  2:25:14
2023-01-07  2:25:15 0 [Note] Reading of all Master_info entries succeeded
2023-01-07  2:25:15 0 [Note] Added new Master_info '' to hash table
2023-01-07  2:25:15 0 [Note] c:\xampp\mysql\bin\mysqld.exe: ready for connections.
Version: '10.4.27-MariaDB'  socket: ''  port: 3306  mariadb.org binary distribution
2023-01-07  9:02:53 0 [Note] InnoDB: Mutexes and rw_locks use Windows interlocked functions
2023-01-07  9:02:53 0 [Note] InnoDB: Uses event mutexes
2023-01-07  9:02:53 0 [Note] InnoDB: Compressed tables use zlib 1.2.12
2023-01-07  9:02:53 0 [Note] InnoDB: Number of pools: 1
2023-01-07  9:02:53 0 [Note] InnoDB: Using SSE2 crc32 instructions
2023-01-07  9:02:53 0 [Note] InnoDB: Initializing buffer pool, total size = 16M, instances = 1, chunk size = 16M
2023-01-07  9:02:53 0 [Note] InnoDB: Completed initialization of buffer pool
2023-01-07  9:02:53 0 [Note] InnoDB: Starting crash recovery from checkpoint LSN=327403
2023-01-07  9:02:54 0 [Note] InnoDB: 128 out of 128 rollback segments are active.
2023-01-07  9:02:54 0 [Note] InnoDB: Removed temporary tablespace data file: "ibtmp1"
2023-01-07  9:02:54 0 [Note] InnoDB: Creating shared tablespace for temporary tables
2023-01-07  9:02:54 0 [Note] InnoDB: Setting file 'C:\xampp\mysql\data\ibtmp1' size to 12 MB. Physically writing the file full; Please wait ...
2023-01-07  9:02:54 0 [Note] InnoDB: File 'C:\xampp\mysql\data\ibtmp1' size is now 12 MB.
2023-01-07  9:02:54 0 [Note] InnoDB: Waiting for purge to start
2023-01-07  9:02:54 0 [Note] InnoDB: 10.4.27 started; log sequence number 327412; transaction id 310
2023-01-07  9:02:54 0 [Note] InnoDB: Loading buffer pool(s) from C:\xampp\mysql\data\ib_buffer_pool
2023-01-07  9:02:54 0 [Note] Plugin 'FEEDBACK' is disabled.
2023-01-07  9:02:54 0 [Note] InnoDB: Buffer pool(s) load completed at 230107  9:02:54
2023-01-07  9:02:54 0 [Note] Server socket created on IP: '::'.
2023-01-07 18:31:46 0 [Note] InnoDB: Mutexes and rw_locks use Windows interlocked functions
2023-01-07 18:31:46 0 [Note] InnoDB: Uses event mutexes
2023-01-07 18:31:46 0 [Note] InnoDB: Compressed tables use zlib 1.2.12
2023-01-07 18:31:46 0 [Note] InnoDB: Number of pools: 1
2023-01-07 18:31:46 0 [Note] InnoDB: Using SSE2 crc32 instructions
2023-01-07 18:31:46 0 [Note] InnoDB: Initializing buffer pool, total size = 16M, instances = 1, chunk size = 16M
2023-01-07 18:31:46 0 [Note] InnoDB: Completed initialization of buffer pool
2023-01-07 18:31:46 0 [Note] InnoDB: Starting crash recovery from checkpoint LSN=335649
2023-01-07 18:31:47 0 [Note] InnoDB: 128 out of 128 rollback segments are active.
2023-01-07 18:31:47 0 [Note] InnoDB: Removed temporary tablespace data file: "ibtmp1"
2023-01-07 18:31:47 0 [Note] InnoDB: Creating shared tablespace for temporary tables
2023-01-07 18:31:47 0 [Note] InnoDB: Setting file 'C:\xampp\mysql\data\ibtmp1' size to 12 MB. Physically writing the file full; Please wait ...
2023-01-07 18:31:47 0 [Note] InnoDB: File 'C:\xampp\mysql\data\ibtmp1' size is now 12 MB.
2023-01-07 18:31:47 0 [Note] InnoDB: Waiting for purge to start
2023-01-07 18:31:47 0 [Note] InnoDB: 10.4.27 started; log sequence number 335658; transaction id 351
2023-01-07 18:31:47 0 [Note] InnoDB: Loading buffer pool(s) from C:\xampp\mysql\data\ib_buffer_pool
2023-01-07 18:31:47 0 [Note] Plugin 'FEEDBACK' is disabled.
2023-01-07 18:31:47 0 [Note] InnoDB: Buffer pool(s) load completed at 230107 18:31:47
2023-01-07 18:31:47 0 [Note] Server socket created on IP: '::'.
2023-01-08 16:15:10 0 [Note] InnoDB: Mutexes and rw_locks use Windows interlocked functions
2023-01-08 16:15:10 0 [Note] InnoDB: Uses event mutexes
2023-01-08 16:15:10 0 [Note] InnoDB: Compressed tables use zlib 1.2.12
2023-01-08 16:15:10 0 [Note] InnoDB: Number of pools: 1
2023-01-08 16:15:10 0 [Note] InnoDB: Using SSE2 crc32 instructions
2023-01-08 16:15:10 0 [Note] InnoDB: Initializing buffer pool, total size = 16M, instances = 1, chunk size = 16M
2023-01-08 16:15:10 0 [Note] InnoDB: Completed initialization of buffer pool
2023-01-08 16:15:10 0 [Note] InnoDB: Starting crash recovery from checkpoint LSN=338696
2023-01-08 16:15:11 0 [Note] InnoDB: 128 out of 128 rollback segments are active.
2023-01-08 16:15:11 0 [Note] InnoDB: Removed temporary tablespace data file: "ibtmp1"
2023-01-08 16:15:11 0 [Note] InnoDB: Creating shared tablespace for temporary tables
2023-01-08 16:15:11 0 [Note] InnoDB: Setting file 'C:\xampp\mysql\data\ibtmp1' size to 12 MB. Physically writing the file full; Please wait ...
2023-01-08 16:15:11 0 [Note] InnoDB: File 'C:\xampp\mysql\data\ibtmp1' size is now 12 MB.
2023-01-08 16:15:11 0 [Note] InnoDB: Waiting for purge to start
2023-01-08 16:15:11 0 [Note] InnoDB: 10.4.27 started; log sequence number 338705; transaction id 364
2023-01-08 16:15:11 0 [Note] InnoDB: Loading buffer pool(s) from C:\xampp\mysql\data\ib_buffer_pool
2023-01-08 16:15:11 0 [Note] Plugin 'FEEDBACK' is disabled.
2023-01-08 16:15:11 0 [Note] InnoDB: Buffer pool(s) load completed at 230108 16:15:11
2023-01-08 16:15:11 0 [Note] Server socket created on IP: '::'.
2023-01-09  8:58:27 0 [Note] InnoDB: Mutexes and rw_locks use Windows interlocked functions
2023-01-09  8:58:27 0 [Note] InnoDB: Uses event mutexes
2023-01-09  8:58:27 0 [Note] InnoDB: Compressed tables use zlib 1.2.12
2023-01-09  8:58:27 0 [Note] InnoDB: Number of pools: 1
2023-01-09  8:58:27 0 [Note] InnoDB: Using SSE2 crc32 instructions
2023-01-09  8:58:27 0 [Note] InnoDB: Initializing buffer pool, total size = 16M, instances = 1, chunk size = 16M
2023-01-09  8:58:27 0 [Note] InnoDB: Completed initialization of buffer pool
2023-01-09  8:58:27 0 [Note] InnoDB: Starting crash recovery from checkpoint LSN=350737
2023-01-09  8:58:27 0 [Note] InnoDB: 128 out of 128 rollback segments are active.
2023-01-09  8:58:27 0 [Note] InnoDB: Removed temporary tablespace data file: "ibtmp1"
2023-01-09  8:58:27 0 [Note] InnoDB: Creating shared tablespace for temporary tables
2023-01-09  8:58:27 0 [Note] InnoDB: Setting file 'C:\xampp\mysql\data\ibtmp1' size to 12 MB. Physically writing the file full; Please wait ...
2023-01-09  8:58:27 0 [Note] InnoDB: File 'C:\xampp\mysql\data\ibtmp1' size is now 12 MB.
2023-01-09  8:58:27 0 [Note] InnoDB: Waiting for purge to start
2023-01-09  8:58:27 0 [Note] InnoDB: 10.4.27 started; log sequence number 350746; transaction id 422
2023-01-09  8:58:27 0 [Note] InnoDB: Loading buffer pool(s) from C:\xampp\mysql\data\ib_buffer_pool
2023-01-09  8:58:27 0 [Note] Plugin 'FEEDBACK' is disabled.
2023-01-09  8:58:27 0 [Note] InnoDB: Buffer pool(s) load completed at 230109  8:58:27
2023-01-09  8:58:27 0 [Note] Server socket created on IP: '::'.
